This file contains any messages produced by compilers while
running configure, to aid debugging if configure makes a mistake.

It was created by marsyas configure 0.2.6, which was
generated by GNU Autoconf 2.59.  Invocation command line was

  $ ./configure --enable-bindings

## --------- ##
## Platform. ##
## --------- ##

hostname = lap-daddy
uname -m = i686
uname -r = 2.6.14-gentoo-r5
uname -s = Linux
uname -v = #3 PREEMPT Mon Jan 9 01:17:30 PST 2006

/usr/bin/uname -p = Intel(R) Pentium(R) M processor 1300MHz
/bin/uname -X     = unknown

/bin/arch              = i686
/usr/bin/arch -k       = unknown
/usr/convex/getsysinfo = unknown
hostinfo               = unknown
/bin/machine           = unknown
/usr/bin/oslevel       = unknown
/bin/universe          = unknown

PATH: /usr/kde/3.4/bin
PATH: /usr/local/Trolltech/Qt-4.1.0/bin
PATH: .
PATH: /usr/local/bin
PATH: /usr/bin
PATH: /bin
PATH: /opt/bin
PATH: /usr/i686-pc-linux-gnu/gcc-bin/3.4.5
PATH: /opt/ghc/bin
PATH: /opt/blackdown-jdk-1.4.2.03/bin
PATH: /opt/blackdown-jdk-1.4.2.03/jre/bin
PATH: /usr/qt/3/bin
PATH: /usr/kde/3.4/bin
PATH: /usr/games/bin
PATH: /opt/limewire


## ----------- ##
## Core tests. ##
## ----------- ##

configure:1337: checking build system type
configure:1355: result: i686-pc-linux-gnu
configure:1363: checking host system type
configure:1377: result: i686-pc-linux-gnu
configure:1385: checking target system type
configure:1399: result: i686-pc-linux-gnu
configure:1429: checking for a BSD-compatible install
configure:1484: result: /usr/bin/install -c
configure:1495: checking whether build environment is sane
configure:1538: result: yes
configure:1571: checking for gawk
configure:1587: found /usr/bin/gawk
configure:1597: result: gawk
configure:1607: checking whether make sets $(MAKE)
configure:1627: result: yes
configure:1844: checking for gcc
configure:1860: found /usr/bin/gcc
configure:1870: result: gcc
configure:2114: checking for C compiler version
configure:2117: gcc --version </dev/null >&5
gcc (GCC) 3.4.5 (Gentoo 3.4.5, ssp-3.4.5-1.0, pie-8.7.9)
Copyright (C) 2004 Free Software Foundation, Inc.
This is free software; see the source for copying conditions.  There is NO
warranty; not even for MERCHANTABILITY or FITNESS FOR A PARTICULAR PURPOSE.

configure:2120: $? = 0
configure:2122: gcc -v </dev/null >&5
Reading specs from /usr/lib/gcc/i686-pc-linux-gnu/3.4.5/specs
Configured with: /var/tmp/portage/gcc-3.4.5/work/gcc-3.4.5/configure --prefix=/usr --bindir=/usr/i686-pc-linux-gnu/gcc-bin/3.4.5 --includedir=/usr/lib/gcc/i686-pc-linux-gnu/3.4.5/include --datadir=/usr/share/gcc-data/i686-pc-linux-gnu/3.4.5 --mandir=/usr/share/gcc-data/i686-pc-linux-gnu/3.4.5/man --infodir=/usr/share/gcc-data/i686-pc-linux-gnu/3.4.5/info --with-gxx-include-dir=/usr/lib/gcc/i686-pc-linux-gnu/3.4.5/include/g++-v3 --host=i686-pc-linux-gnu --build=i686-pc-linux-gnu --disable-altivec --enable-nls --without-included-gettext --with-system-zlib --disable-checking --disable-werror --disable-libunwind-exceptions --disable-multilib --disable-libmudflap --disable-libgcj --enable-languages=c,c++,f77 --enable-threads=posix --enable-shared --enable-__cxa_atexit --enable-clocale=gnu
Thread model: posix
gcc version 3.4.5 (Gentoo 3.4.5, ssp-3.4.5-1.0, pie-8.7.9)
configure:2125: $? = 0
configure:2127: gcc -V </dev/null >&5
gcc: `-V' option must have argument
configure:2130: $? = 1
configure:2153: checking for C compiler default output file name
configure:2156: gcc    conftest.c  >&5
configure:2159: $? = 0
configure:2205: result: a.out
configure:2210: checking whether the C compiler works
configure:2216: ./a.out
configure:2219: $? = 0
configure:2236: result: yes
configure:2243: checking whether we are cross compiling
configure:2245: result: no
configure:2248: checking for suffix of executables
configure:2250: gcc -o conftest    conftest.c  >&5
configure:2253: $? = 0
configure:2278: result: 
configure:2284: checking for suffix of object files
configure:2305: gcc -c   conftest.c >&5
configure:2308: $? = 0
configure:2330: result: o
configure:2334: checking whether we are using the GNU C compiler
configure:2358: gcc -c   conftest.c >&5
configure:2364: $? = 0
configure:2368: test -z 
			 || test ! -s conftest.err
configure:2371: $? = 0
configure:2374: test -s conftest.o
configure:2377: $? = 0
configure:2390: result: yes
configure:2396: checking whether gcc accepts -g
configure:2417: gcc -c -g  conftest.c >&5
configure:2423: $? = 0
configure:2427: test -z 
			 || test ! -s conftest.err
configure:2430: $? = 0
configure:2433: test -s conftest.o
configure:2436: $? = 0
configure:2447: result: yes
configure:2464: checking for gcc option to accept ANSI C
configure:2534: gcc  -c -g -O2  conftest.c >&5
configure:2540: $? = 0
configure:2544: test -z 
			 || test ! -s conftest.err
configure:2547: $? = 0
configure:2550: test -s conftest.o
configure:2553: $? = 0
configure:2571: result: none needed
configure:2589: gcc -c -g -O2  conftest.c >&5
conftest.c:2: error: syntax error before "me"
configure:2595: $? = 1
configure: failed program was:
| #ifndef __cplusplus
|   choke me
| #endif
configure:2739: checking for style of include used by make
configure:2767: result: GNU
configure:2795: checking dependency style of gcc
configure:2878: result: gcc3
configure:2947: checking for g++
configure:2963: found /usr/bin/g++
configure:2973: result: g++
configure:2989: checking for C++ compiler version
configure:2992: g++ --version </dev/null >&5
g++ (GCC) 3.4.5 (Gentoo 3.4.5, ssp-3.4.5-1.0, pie-8.7.9)
Copyright (C) 2004 Free Software Foundation, Inc.
This is free software; see the source for copying conditions.  There is NO
warranty; not even for MERCHANTABILITY or FITNESS FOR A PARTICULAR PURPOSE.

configure:2995: $? = 0
configure:2997: g++ -v </dev/null >&5
Reading specs from /usr/lib/gcc/i686-pc-linux-gnu/3.4.5/specs
Configured with: /var/tmp/portage/gcc-3.4.5/work/gcc-3.4.5/configure --prefix=/usr --bindir=/usr/i686-pc-linux-gnu/gcc-bin/3.4.5 --includedir=/usr/lib/gcc/i686-pc-linux-gnu/3.4.5/include --datadir=/usr/share/gcc-data/i686-pc-linux-gnu/3.4.5 --mandir=/usr/share/gcc-data/i686-pc-linux-gnu/3.4.5/man --infodir=/usr/share/gcc-data/i686-pc-linux-gnu/3.4.5/info --with-gxx-include-dir=/usr/lib/gcc/i686-pc-linux-gnu/3.4.5/include/g++-v3 --host=i686-pc-linux-gnu --build=i686-pc-linux-gnu --disable-altivec --enable-nls --without-included-gettext --with-system-zlib --disable-checking --disable-werror --disable-libunwind-exceptions --disable-multilib --disable-libmudflap --disable-libgcj --enable-languages=c,c++,f77 --enable-threads=posix --enable-shared --enable-__cxa_atexit --enable-clocale=gnu
Thread model: posix
gcc version 3.4.5 (Gentoo 3.4.5, ssp-3.4.5-1.0, pie-8.7.9)
configure:3000: $? = 0
configure:3002: g++ -V </dev/null >&5
g++: `-V' option must have argument
configure:3005: $? = 1
configure:3008: checking whether we are using the GNU C++ compiler
configure:3032: g++ -c -O3 -Wall  conftest.cc >&5
configure:3038: $? = 0
configure:3042: test -z 
			 || test ! -s conftest.err
configure:3045: $? = 0
configure:3048: test -s conftest.o
configure:3051: $? = 0
configure:3064: result: yes
configure:3070: checking whether g++ accepts -g
configure:3091: g++ -c -g  conftest.cc >&5
configure:3097: $? = 0
configure:3101: test -z 
			 || test ! -s conftest.err
configure:3104: $? = 0
configure:3107: test -s conftest.o
configure:3110: $? = 0
configure:3121: result: yes
configure:3163: g++ -c -O3 -Wall  conftest.cc >&5
configure:3169: $? = 0
configure:3173: test -z 
			 || test ! -s conftest.err
configure:3176: $? = 0
configure:3179: test -s conftest.o
configure:3182: $? = 0
configure:3208: g++ -c -O3 -Wall  conftest.cc >&5
conftest.cc: In function `int main()':
conftest.cc:15: error: `exit' was not declared in this scope
conftest.cc:15: warning: unused variable 'exit'
configure:3214: $? = 1
configure: failed program was:
| /* confdefs.h.  */
| 
| #define PACKAGE_NAME "marsyas"
| #define PACKAGE_TARNAME "marsyas"
| #define PACKAGE_VERSION "0.2.6"
| #define PACKAGE_STRING "marsyas 0.2.6"
| #define PACKAGE_BUGREPORT "gtzan@cs.uvic.ca"
| #define PACKAGE "marsyas"
| #define VERSION "0.2.6"
| /* end confdefs.h.  */
| 
| int
| main ()
| {
| exit (42);
|   ;
|   return 0;
| }
configure:3163: g++ -c -O3 -Wall  conftest.cc >&5
configure:3169: $? = 0
configure:3173: test -z 
			 || test ! -s conftest.err
configure:3176: $? = 0
configure:3179: test -s conftest.o
configure:3182: $? = 0
configure:3208: g++ -c -O3 -Wall  conftest.cc >&5
configure:3214: $? = 0
configure:3218: test -z 
			 || test ! -s conftest.err
configure:3221: $? = 0
configure:3224: test -s conftest.o
configure:3227: $? = 0
configure:3252: checking dependency style of g++
configure:3335: result: gcc3
configure:3394: checking for ranlib
configure:3410: found /usr/bin/ranlib
configure:3421: result: ranlib
configure:3875: creating ./config.status

## ---------------------- ##
## Running config.status. ##
## ---------------------- ##

This file was extended by marsyas config.status 0.2.6, which was
generated by GNU Autoconf 2.59.  Invocation command line was

  CONFIG_FILES    = 
  CONFIG_HEADERS  = 
  CONFIG_LINKS    = 
  CONFIG_COMMANDS = 
  $ ./config.status 

on lap-daddy

config.status:739: creating Makefile
config.status:739: creating marsyas/Makefile
config.status:739: creating src/Makefile
config.status:739: creating src/plugins/Makefile
config.status:739: creating src/tcl/Makefile
config.status:739: creating distributed/Makefile
config.status:739: creating marsyas/system/Makefile
config.status:739: creating doc/Makefile
config.status:739: creating doc/marsyas/Makefile
config.status:739: creating marsyasVisualStudio/Makefile
config.status:739: creating marsyasVisualStudio/sfplay/Makefile
config.status:739: creating marsyasVisualStudio/sfinfo/Makefile
config.status:739: creating marsyasVisualStudio/phasevocoder/Makefile
config.status:739: creating marsyasVisualStudio/marsyas/Makefile
config.status:739: creating marsyasVisualStudio/sfplugin/Makefile
config.status:739: creating marsyasVisualStudio/bextract/Makefile
config.status:739: creating marsyasVisualStudio/extract/Makefile
config.status:739: creating marsyasVisualStudio/classifyFile/Makefile
config.status:739: creating qt4GUIs/Makefile
config.status:739: creating qt4GUIs/MarPlayer/Makefile
config.status:739: creating qt4GUIs/MarPlayer/images/Makefile
config.status:739: creating qt4GUIs/MarGrid/Makefile
config.status:739: creating qt4GUIs/Marx2DGraph/Makefile
config.status:739: creating qt4GUIs/MarxGLMultiBufferGraph/Makefile
config.status:739: creating qt4GUIs/Marx2DGraphStacked/Makefile
config.status:739: creating qt4GUIs/MarxGL2Din3DSpaceGraph/Makefile
config.status:739: creating qt4GUIs/MarxGLGraph/Makefile
config.status:873: creating marsyas/config.h
config.status:967: marsyas/config.h is unchanged
config.status:1147: executing depfiles commands
configure:5292: configuring in swig
configure:5409: running /bin/sh './configure' --prefix=/usr/local  '--enable-bindings' --cache-file=/dev/null --srcdir=.

## ---------------- ##
## Cache variables. ##
## ---------------- ##

ac_cv_build=i686-pc-linux-gnu
ac_cv_build_alias=i686-pc-linux-gnu
ac_cv_c_compiler_gnu=yes
ac_cv_cxx_compiler_gnu=yes
ac_cv_env_CC_set=
ac_cv_env_CC_value=
ac_cv_env_CFLAGS_set=
ac_cv_env_CFLAGS_value=
ac_cv_env_CPPFLAGS_set=
ac_cv_env_CPPFLAGS_value=
ac_cv_env_CXXFLAGS_set=
ac_cv_env_CXXFLAGS_value=
ac_cv_env_CXX_set=
ac_cv_env_CXX_value=
ac_cv_env_LDFLAGS_set=
ac_cv_env_LDFLAGS_value=
ac_cv_env_build_alias_set=
ac_cv_env_build_alias_value=
ac_cv_env_host_alias_set=
ac_cv_env_host_alias_value=
ac_cv_env_target_alias_set=
ac_cv_env_target_alias_value=
ac_cv_exeext=
ac_cv_host=i686-pc-linux-gnu
ac_cv_host_alias=i686-pc-linux-gnu
ac_cv_objext=o
ac_cv_path_install='/usr/bin/install -c'
ac_cv_prog_AWK=gawk
ac_cv_prog_ac_ct_CC=gcc
ac_cv_prog_ac_ct_CXX=g++
ac_cv_prog_ac_ct_RANLIB=ranlib
ac_cv_prog_cc_g=yes
ac_cv_prog_cc_stdc=
ac_cv_prog_cxx_g=yes
ac_cv_prog_make_make_set=yes
ac_cv_target=i686-pc-linux-gnu
ac_cv_target_alias=i686-pc-linux-gnu
am_cv_CC_dependencies_compiler_type=gcc3
am_cv_CXX_dependencies_compiler_type=gcc3

## ----------------- ##
## Output variables. ##
## ----------------- ##

ACLOCAL='${SHELL} /home/gtzan/src/c++/marsyas-0.2.6/config/missing --run aclocal-1.7'
AMDEPBACKSLASH='\'
AMDEP_FALSE='#'
AMDEP_TRUE=''
AMTAR='${SHELL} /home/gtzan/src/c++/marsyas-0.2.6/config/missing --run tar'
AUTOCONF='${SHELL} /home/gtzan/src/c++/marsyas-0.2.6/config/missing --run autoconf'
AUTOHEADER='${SHELL} /home/gtzan/src/c++/marsyas-0.2.6/config/missing --run autoheader'
AUTOMAKE='${SHELL} /home/gtzan/src/c++/marsyas-0.2.6/config/missing --run automake-1.7'
AWK='gawk'
Audio=''
CC='gcc'
CCDEPMODE='depmode=gcc3'
CFLAGS='-g -O2'
CPPFLAGS=''
CXX='g++'
CXXDEPMODE='depmode=gcc3'
CXXFLAGS='-O3 -Wall'
CYGPATH_W='echo'
DEFS='-DHAVE_CONFIG_H'
DEPDIR='.deps'
DISTRIBUTED=''
ECHO_C=''
ECHO_N='-n'
ECHO_T=''
EXEEXT=''
INSTALL_DATA='${INSTALL} -m 644'
INSTALL_PROGRAM='${INSTALL}'
INSTALL_SCRIPT='${INSTALL}'
INSTALL_STRIP_PROGRAM='${SHELL} $(install_sh) -c -s'
Includes=''
LDFLAGS=''
LIBOBJS=''
LIBS=''
LTLIBOBJS=''
Libs='-lpthread -lasound '
MADLIB=''
MAKEINFO='${SHELL} /home/gtzan/src/c++/marsyas-0.2.6/config/missing --run makeinfo'
MRSSWIG='swig'
MslLibs=''
OBJEXT='o'
PACKAGE='marsyas'
PACKAGE_BUGREPORT='gtzan@cs.uvic.ca'
PACKAGE_NAME='marsyas'
PACKAGE_STRING='marsyas 0.2.6'
PACKAGE_TARNAME='marsyas'
PACKAGE_VERSION='0.2.6'
PATH_SEPARATOR=':'
RANLIB='ranlib'
SET_MAKE=''
SHELL='/bin/sh'
STRIP=''
VERSION='0.2.6'
ac_aux_dir='config'
ac_ct_CC='gcc'
ac_ct_CXX='g++'
ac_ct_RANLIB='ranlib'
ac_ct_STRIP=''
am__fastdepCC_FALSE='#'
am__fastdepCC_TRUE=''
am__fastdepCXX_FALSE='#'
am__fastdepCXX_TRUE=''
am__include='include'
am__leading_dot='.'
am__quote=''
bindir='${exec_prefix}/bin'
build='i686-pc-linux-gnu'
build_alias=''
build_cpu='i686'
build_os='linux-gnu'
build_vendor='pc'
datadir='${prefix}/share'
exec_prefix='${prefix}'
host='i686-pc-linux-gnu'
host_alias=''
host_cpu='i686'
host_os='linux-gnu'
host_vendor='pc'
includedir='${prefix}/include'
infodir='${prefix}/info'
install_sh='/home/gtzan/src/c++/marsyas-0.2.6/config/install-sh'
libdir='${exec_prefix}/lib'
libexecdir='${exec_prefix}/libexec'
localstatedir='${prefix}/var'
mandir='${prefix}/man'
oldincludedir='/usr/include'
prefix='/usr/local'
program_transform_name='s,x,x,'
sbindir='${exec_prefix}/sbin'
sharedstatedir='${prefix}/com'
subdirs=' swig'
sysconfdir='${prefix}/etc'
target='i686-pc-linux-gnu'
target_alias=''
target_cpu='i686'
target_os='linux-gnu'
target_vendor='pc'

## ----------- ##
## confdefs.h. ##
## ----------- ##

#define MRSWARNING 1
#define MRSWARNING 1
#define PACKAGE "marsyas"
#define PACKAGE_BUGREPORT "gtzan@cs.uvic.ca"
#define PACKAGE_NAME "marsyas"
#define PACKAGE_STRING "marsyas 0.2.6"
#define PACKAGE_TARNAME "marsyas"
#define PACKAGE_VERSION "0.2.6"
#define VERSION "0.2.6"
#define __LINUX_ALSASEQ__ 1
#define __LINUX_ALSA__ 1
#define __OS_LINUX__ 1
#endif
#ifdef __cplusplus
extern "C" void std::exit (int) throw (); using std::exit;

configure: exit 0
