0.0812698
0.417959
0.650159
0.940408
1.19583
1.32354
1.47447
1.54413
1.69506
1.91565
2.06658
2.28717
2.38005
2.62385
2.76317
2.92571
3.07664
3.25079
3.4946
3.69197
4.01705
4.08671
4.45823
4.99229
5.4683
5.5844
5.8166
6.03719
6.281
6.53642
6.94277
7.17497
7.43039
7.6742
7.96444
8.1502
8.28952
8.4985
8.70748
9.00934
9.16027
9.40408
9.50857
9.79882
9.92653
10.2052
10.298
10.6231
10.7973
11.1456
11.2152
11.459
11.9583
12.0512
12.4807
12.62
13.1193
13.3515
13.456
13.7462
14.2106
14.3383
14.5357
14.7563
15.151
15.7315
15.8476
16.1843
16.3817
16.6023
17.1828
17.4498
17.6472
17.8097
18.0303
18.1
18.3902
18.7153
19.2261
19.6325
20.7354
21.0605
21.2463
21.4436
21.4552
21.6874
21.9661
22.593
22.7439
23.5334
23.9282
24.5783
24.8454
24.9034
25.124
25.3562
25.7045
25.9367
26.1689
26.4243
26.6333
26.8307
27.179
27.5273
27.7478
27.7595
28.3632
28.6534
28.8856
29.0946
29.292
29.768
29.9305
